Reflections took 2273 ms to scan 86 urls, producing 9826 keys and 52508 values 
Reflections took 1593 ms to scan 86 urls, producing 9751 keys and 45197 values 
Reflections took 2222 ms to scan 86 urls, producing 9826 keys and 52508 values 
Reflections took 1686 ms to scan 86 urls, producing 9751 keys and 45197 values 
Reflections took 3138 ms to scan 86 urls, producing 9826 keys and 52508 values 
Reflections took 1940 ms to scan 86 urls, producing 9751 keys and 45197 values 
1saniye beklendi
Sayfa kontrolu yapildi
1saniye beklendi
Elementin üzerine gelindi
1saniye beklendi
Elemente tiklandi
1saniye beklendi
Elemente tiklandi
1saniye beklendi
Sayfa kontrolu yapildi
1saniye beklendi
Elemente tiklandi
1saniye beklendi
Elemente tiklandi
1saniye beklendi
1saniye beklendi
Text gorunurlugu kontrol edildi
2saniye beklendi
urunler favorilere eklendi
4saniye beklendi
Elemente tiklandi
1saniye beklendi
Kontrol yapildi
1saniye beklendi
Elemente tiklandi
1saniye beklendi
Kontrol yapildi
1saniye beklendi
1saniye beklendi
Elemente tiklandi
2saniye beklendi
Text gorunurlugu kontrol edildi
